<?xml version="1.0" encoding="UTF-8"?>
<!-- Generated by org.testng.reporters.JUnitXMLReporter -->
<testsuite ignored="2" hostname="Aelaina" failures="0" tests="1" name="Default test" time="2.797" errors="0" timestamp="2023-09-07T16:44:20 EDT">
  <testcase classname="seleniumProgramsPkg.ATest" name="basics" time="2.743"/>
  <testcase classname="seleniumProgramsPkg.ATest" name="A_practical" time="0.0">
    <ignored/>
  </testcase> <!-- A_practical -->
  <testcase classname="seleniumProgramsPkg.ATest" name="A_demonstrational" time="0.0">
    <ignored/>
  </testcase> <!-- A_demonstrational -->
</testsuite> <!-- Default test -->
