<?xml version="1.0" encoding="UTF-8"?>
<testng-results ignored="2" total="3" passed="1" failed="0" skipped="0">
  <reporter-output>
  </reporter-output>
  <suite started-at="2023-09-07T16:44:17 EDT" name="Default suite" finished-at="2023-09-07T16:44:20 EDT" duration-ms="2797">
    <groups>
    </groups>
    <test started-at="2023-09-07T16:44:17 EDT" name="Default test" finished-at="2023-09-07T16:44:20 EDT" duration-ms="2797">
      <class name="seleniumProgramsPkg.ATest">
        <test-method signature="basics()[pri:0, instance:seleniumProgramsPkg.ATest@429bffaa]" started-at="2023-09-07T16:44:17 EDT" name="basics" finished-at="2023-09-07T16:44:20 EDT" duration-ms="2743" status="PASS">
          <reporter-output>
          </reporter-output>
        </test-method> <!-- basics -->
      </class> <!-- seleniumProgramsPkg.ATest -->
    </test> <!-- Default test -->
  </suite> <!-- Default suite -->
</testng-results>
